# Logfile created on 2014-03-21 14:22:26 -0700 by logger.rb/41954
I, [2014-03-21T14:22:26.937303 #20428]  INFO -- : 0:  rake (10.1.0) from /Users/ejcummins/.rvm/gems/ruby-2.0.0-p353/specifications/rake-10.1.0.gemspec
I, [2014-03-21T14:22:26.937862 #20428]  INFO -- : 0:  i18n (0.6.1) from /Users/ejcummins/.rvm/gems/ruby-2.0.0-p353/specifications/i18n-0.6.1.gemspec
I, [2014-03-21T14:22:26.938246 #20428]  INFO -- : 0:  multi_json (1.6.1) from /Users/ejcummins/.rvm/gems/ruby-2.0.0-p353/specifications/multi_json-1.6.1.gemspec
I, [2014-03-21T14:22:26.938603 #20428]  INFO -- : 0:  activesupport (3.2.12) from /Users/ejcummins/.rvm/gems/ruby-2.0.0-p353/specifications/activesupport-3.2.12.gemspec
I, [2014-03-21T14:22:26.938966 #20428]  INFO -- : 0:  builder (3.0.4) from /Users/ejcummins/.rvm/gems/ruby-2.0.0-p353/specifications/builder-3.0.4.gemspec
I, [2014-03-21T14:22:26.939338 #20428]  INFO -- : 0:  activemodel (3.2.12) from /Users/ejcummins/.rvm/gems/ruby-2.0.0-p353/specifications/activemodel-3.2.12.gemspec
I, [2014-03-21T14:22:26.939693 #20428]  INFO -- : 0:  arel (3.0.2) from /Users/ejcummins/.rvm/gems/ruby-2.0.0-p353/specifications/arel-3.0.2.gemspec
I, [2014-03-21T14:22:26.940066 #20428]  INFO -- : 0:  tzinfo (0.3.35) from /Users/ejcummins/.rvm/gems/ruby-2.0.0-p353/specifications/tzinfo-0.3.35.gemspec
I, [2014-03-21T14:22:26.940434 #20428]  INFO -- : 0:  activerecord (3.2.12) from /Users/ejcummins/.rvm/gems/ruby-2.0.0-p353/specifications/activerecord-3.2.12.gemspec
I, [2014-03-21T14:22:26.940805 #20428]  INFO -- : 0:  backports (3.3.3) from /Users/ejcummins/.rvm/gems/ruby-2.0.0-p353/specifications/backports-3.3.3.gemspec
I, [2014-03-21T14:22:26.941169 #20428]  INFO -- : 0:  bcrypt (3.1.7) from /Users/ejcummins/.rvm/gems/ruby-2.0.0-p353/specifications/bcrypt-3.1.7.gemspec
I, [2014-03-21T14:22:26.941526 #20428]  INFO -- : 0:  mime-types (2.1) from /Users/ejcummins/.rvm/gems/ruby-2.0.0-p353/specifications/mime-types-2.1.gemspec
I, [2014-03-21T14:22:26.941888 #20428]  INFO -- : 0:  mini_portile (0.5.1) from /Users/ejcummins/.rvm/gems/ruby-2.0.0-p353/specifications/mini_portile-0.5.1.gemspec
I, [2014-03-21T14:22:26.942250 #20428]  INFO -- : 0:  nokogiri (1.6.0) from /Users/ejcummins/.rvm/gems/ruby-2.0.0-p353/specifications/nokogiri-1.6.0.gemspec
I, [2014-03-21T14:22:26.942637 #20428]  INFO -- : 0:  rack (1.5.2) from /Users/ejcummins/.rvm/gems/ruby-2.0.0-p353/specifications/rack-1.5.2.gemspec
I, [2014-03-21T14:22:26.943025 #20428]  INFO -- : 0:  rack-test (0.6.2) from /Users/ejcummins/.rvm/gems/ruby-2.0.0-p353/specifications/rack-test-0.6.2.gemspec
I, [2014-03-21T14:22:26.943404 #20428]  INFO -- : 0:  xpath (2.0.0) from /Users/ejcummins/.rvm/gems/ruby-2.0.0-p353/specifications/xpath-2.0.0.gemspec
I, [2014-03-21T14:22:26.943793 #20428]  INFO -- : 0:  capybara (2.1.0) from /Users/ejcummins/.rvm/gems/ruby-2.0.0-p353/specifications/capybara-2.1.0.gemspec
I, [2014-03-21T14:22:26.944157 #20428]  INFO -- : 0:  daemons (1.1.9) from /Users/ejcummins/.rvm/gems/ruby-2.0.0-p353/specifications/daemons-1.1.9.gemspec
I, [2014-03-21T14:22:26.944531 #20428]  INFO -- : 0:  diff-lcs (1.2.4) from /Users/ejcummins/.rvm/gems/ruby-2.0.0-p353/specifications/diff-lcs-1.2.4.gemspec
I, [2014-03-21T14:22:26.944930 #20428]  INFO -- : 0:  eventmachine (1.0.3) from /Users/ejcummins/.rvm/gems/ruby-2.0.0-p353/specifications/eventmachine-1.0.3.gemspec
I, [2014-03-21T14:22:26.945349 #20428]  INFO -- : 0:  factory_girl (4.2.0) from /Users/ejcummins/.rvm/gems/ruby-2.0.0-p353/specifications/factory_girl-4.2.0.gemspec
I, [2014-03-21T14:22:26.945756 #20428]  INFO -- : 0:  faker (1.1.2) from /Users/ejcummins/.rvm/gems/ruby-2.0.0-p353/specifications/faker-1.1.2.gemspec
I, [2014-03-21T14:22:26.946171 #20428]  INFO -- : 0:  pg (0.14.1) from /Users/ejcummins/.rvm/gems/ruby-2.0.0-p353/specifications/pg-0.14.1.gemspec
I, [2014-03-21T14:22:26.946606 #20428]  INFO -- : 0:  rack-protection (1.5.0) from /Users/ejcummins/.rvm/gems/ruby-2.0.0-p353/specifications/rack-protection-1.5.0.gemspec
I, [2014-03-21T14:22:26.947040 #20428]  INFO -- : 0:  rspec-core (2.14.5) from /Users/ejcummins/.rvm/gems/ruby-2.0.0-p353/specifications/rspec-core-2.14.5.gemspec
I, [2014-03-21T14:22:26.947632 #20428]  INFO -- : 0:  rspec-expectations (2.14.2) from /Users/ejcummins/.rvm/gems/ruby-2.0.0-p353/specifications/rspec-expectations-2.14.2.gemspec
I, [2014-03-21T14:22:26.948025 #20428]  INFO -- : 0:  rspec-mocks (2.14.3) from /Users/ejcummins/.rvm/gems/ruby-2.0.0-p353/specifications/rspec-mocks-2.14.3.gemspec
I, [2014-03-21T14:22:26.948395 #20428]  INFO -- : 0:  rspec (2.14.1) from /Users/ejcummins/.rvm/gems/ruby-2.0.0-p353/specifications/rspec-2.14.1.gemspec
I, [2014-03-21T14:22:26.948775 #20428]  INFO -- : 0:  shotgun (0.9) from /Users/ejcummins/.rvm/gems/ruby-2.0.0-p353/specifications/shotgun-0.9.gemspec
I, [2014-03-21T14:22:26.949156 #20428]  INFO -- : 0:  shoulda-matchers (2.3.0) from /Users/ejcummins/.rvm/gems/ruby-2.0.0-p353/specifications/shoulda-matchers-2.3.0.gemspec
I, [2014-03-21T14:22:26.949547 #20428]  INFO -- : 0:  tilt (1.4.1) from /Users/ejcummins/.rvm/gems/ruby-2.0.0-p353/specifications/tilt-1.4.1.gemspec
I, [2014-03-21T14:22:26.949936 #20428]  INFO -- : 0:  sinatra (1.4.3) from /Users/ejcummins/.rvm/gems/ruby-2.0.0-p353/specifications/sinatra-1.4.3.gemspec
I, [2014-03-21T14:22:26.950327 #20428]  INFO -- : 0:  sinatra-contrib (1.4.1) from /Users/ejcummins/.rvm/gems/ruby-2.0.0-p353/specifications/sinatra-contrib-1.4.1.gemspec
I, [2014-03-21T14:22:26.950681 #20428]  INFO -- : 0:  thin (1.5.0) from /Users/ejcummins/.rvm/gems/ruby-2.0.0-p353/specifications/thin-1.5.0.gemspec
I, [2014-03-21T14:22:26.951060 #20428]  INFO -- : 0:  bundler (1.5.1) from /Users/ejcummins/.rvm/gems/ruby-2.0.0-p353@global/specifications/bundler-1.5.1.gemspec
I, [2014-03-21T18:39:52.680416 #22167]  INFO -- : 0:  rake (10.1.0) from /Users/ejcummins/.rvm/gems/ruby-2.0.0-p353/specifications/rake-10.1.0.gemspec
I, [2014-03-21T18:39:52.680985 #22167]  INFO -- : 0:  i18n (0.6.1) from /Users/ejcummins/.rvm/gems/ruby-2.0.0-p353/specifications/i18n-0.6.1.gemspec
I, [2014-03-21T18:39:52.681375 #22167]  INFO -- : 0:  multi_json (1.6.1) from /Users/ejcummins/.rvm/gems/ruby-2.0.0-p353/specifications/multi_json-1.6.1.gemspec
I, [2014-03-21T18:39:52.681745 #22167]  INFO -- : 0:  activesupport (3.2.12) from /Users/ejcummins/.rvm/gems/ruby-2.0.0-p353/specifications/activesupport-3.2.12.gemspec
I, [2014-03-21T18:39:52.682112 #22167]  INFO -- : 0:  builder (3.0.4) from /Users/ejcummins/.rvm/gems/ruby-2.0.0-p353/specifications/builder-3.0.4.gemspec
I, [2014-03-21T18:39:52.682475 #22167]  INFO -- : 0:  activemodel (3.2.12) from /Users/ejcummins/.rvm/gems/ruby-2.0.0-p353/specifications/activemodel-3.2.12.gemspec
I, [2014-03-21T18:39:52.682839 #22167]  INFO -- : 0:  arel (3.0.2) from /Users/ejcummins/.rvm/gems/ruby-2.0.0-p353/specifications/arel-3.0.2.gemspec
I, [2014-03-21T18:39:52.683211 #22167]  INFO -- : 0:  tzinfo (0.3.35) from /Users/ejcummins/.rvm/gems/ruby-2.0.0-p353/specifications/tzinfo-0.3.35.gemspec
I, [2014-03-21T18:39:52.683574 #22167]  INFO -- : 0:  activerecord (3.2.12) from /Users/ejcummins/.rvm/gems/ruby-2.0.0-p353/specifications/activerecord-3.2.12.gemspec
I, [2014-03-21T18:39:52.683941 #22167]  INFO -- : 0:  backports (3.3.3) from /Users/ejcummins/.rvm/gems/ruby-2.0.0-p353/specifications/backports-3.3.3.gemspec
I, [2014-03-21T18:39:52.684306 #22167]  INFO -- : 0:  bcrypt (3.1.7) from /Users/ejcummins/.rvm/gems/ruby-2.0.0-p353/specifications/bcrypt-3.1.7.gemspec
I, [2014-03-21T18:39:52.684671 #22167]  INFO -- : 0:  mime-types (2.1) from /Users/ejcummins/.rvm/gems/ruby-2.0.0-p353/specifications/mime-types-2.1.gemspec
I, [2014-03-21T18:39:52.685035 #22167]  INFO -- : 0:  mini_portile (0.5.1) from /Users/ejcummins/.rvm/gems/ruby-2.0.0-p353/specifications/mini_portile-0.5.1.gemspec
I, [2014-03-21T18:39:52.685401 #22167]  INFO -- : 0:  nokogiri (1.6.0) from /Users/ejcummins/.rvm/gems/ruby-2.0.0-p353/specifications/nokogiri-1.6.0.gemspec
I, [2014-03-21T18:39:52.685767 #22167]  INFO -- : 0:  rack (1.5.2) from /Users/ejcummins/.rvm/gems/ruby-2.0.0-p353/specifications/rack-1.5.2.gemspec
I, [2014-03-21T18:39:52.686129 #22167]  INFO -- : 0:  rack-test (0.6.2) from /Users/ejcummins/.rvm/gems/ruby-2.0.0-p353/specifications/rack-test-0.6.2.gemspec
I, [2014-03-21T18:39:52.686560 #22167]  INFO -- : 0:  xpath (2.0.0) from /Users/ejcummins/.rvm/gems/ruby-2.0.0-p353/specifications/xpath-2.0.0.gemspec
I, [2014-03-21T18:39:52.686970 #22167]  INFO -- : 0:  capybara (2.1.0) from /Users/ejcummins/.rvm/gems/ruby-2.0.0-p353/specifications/capybara-2.1.0.gemspec
I, [2014-03-21T18:39:52.687368 #22167]  INFO -- : 0:  daemons (1.1.9) from /Users/ejcummins/.rvm/gems/ruby-2.0.0-p353/specifications/daemons-1.1.9.gemspec
I, [2014-03-21T18:39:52.687807 #22167]  INFO -- : 0:  diff-lcs (1.2.4) from /Users/ejcummins/.rvm/gems/ruby-2.0.0-p353/specifications/diff-lcs-1.2.4.gemspec
I, [2014-03-21T18:39:52.688209 #22167]  INFO -- : 0:  eventmachine (1.0.3) from /Users/ejcummins/.rvm/gems/ruby-2.0.0-p353/specifications/eventmachine-1.0.3.gemspec
I, [2014-03-21T18:39:52.688630 #22167]  INFO -- : 0:  factory_girl (4.2.0) from /Users/ejcummins/.rvm/gems/ruby-2.0.0-p353/specifications/factory_girl-4.2.0.gemspec
I, [2014-03-21T18:39:52.689052 #22167]  INFO -- : 0:  faker (1.1.2) from /Users/ejcummins/.rvm/gems/ruby-2.0.0-p353/specifications/faker-1.1.2.gemspec
I, [2014-03-21T18:39:52.689474 #22167]  INFO -- : 0:  pg (0.14.1) from /Users/ejcummins/.rvm/gems/ruby-2.0.0-p353/specifications/pg-0.14.1.gemspec
I, [2014-03-21T18:39:52.689901 #22167]  INFO -- : 0:  rack-protection (1.5.0) from /Users/ejcummins/.rvm/gems/ruby-2.0.0-p353/specifications/rack-protection-1.5.0.gemspec
I, [2014-03-21T18:39:52.690299 #22167]  INFO -- : 0:  rspec-core (2.14.5) from /Users/ejcummins/.rvm/gems/ruby-2.0.0-p353/specifications/rspec-core-2.14.5.gemspec
I, [2014-03-21T18:39:52.690739 #22167]  INFO -- : 0:  rspec-expectations (2.14.2) from /Users/ejcummins/.rvm/gems/ruby-2.0.0-p353/specifications/rspec-expectations-2.14.2.gemspec
I, [2014-03-21T18:39:52.691170 #22167]  INFO -- : 0:  rspec-mocks (2.14.3) from /Users/ejcummins/.rvm/gems/ruby-2.0.0-p353/specifications/rspec-mocks-2.14.3.gemspec
I, [2014-03-21T18:39:52.691600 #22167]  INFO -- : 0:  rspec (2.14.1) from /Users/ejcummins/.rvm/gems/ruby-2.0.0-p353/specifications/rspec-2.14.1.gemspec
I, [2014-03-21T18:39:52.692030 #22167]  INFO -- : 0:  shotgun (0.9) from /Users/ejcummins/.rvm/gems/ruby-2.0.0-p353/specifications/shotgun-0.9.gemspec
I, [2014-03-21T18:39:52.692449 #22167]  INFO -- : 0:  shoulda-matchers (2.3.0) from /Users/ejcummins/.rvm/gems/ruby-2.0.0-p353/specifications/shoulda-matchers-2.3.0.gemspec
I, [2014-03-21T18:39:52.692851 #22167]  INFO -- : 0:  tilt (1.4.1) from /Users/ejcummins/.rvm/gems/ruby-2.0.0-p353/specifications/tilt-1.4.1.gemspec
I, [2014-03-21T18:39:52.693324 #22167]  INFO -- : 0:  sinatra (1.4.3) from /Users/ejcummins/.rvm/gems/ruby-2.0.0-p353/specifications/sinatra-1.4.3.gemspec
I, [2014-03-21T18:39:52.693757 #22167]  INFO -- : 0:  sinatra-contrib (1.4.1) from /Users/ejcummins/.rvm/gems/ruby-2.0.0-p353/specifications/sinatra-contrib-1.4.1.gemspec
I, [2014-03-21T18:39:52.694175 #22167]  INFO -- : 0:  thin (1.5.0) from /Users/ejcummins/.rvm/gems/ruby-2.0.0-p353/specifications/thin-1.5.0.gemspec
I, [2014-03-21T18:39:52.694631 #22167]  INFO -- : 0:  bundler (1.5.1) from /Users/ejcummins/.rvm/gems/ruby-2.0.0-p353@global/specifications/bundler-1.5.1.gemspec
I, [2014-03-22T14:18:52.984988 #2598]  INFO -- : 0:  rake (10.1.0) from /Users/ejcummins/.rvm/gems/ruby-2.0.0-p353/specifications/rake-10.1.0.gemspec
I, [2014-03-22T14:18:52.985566 #2598]  INFO -- : 0:  i18n (0.6.1) from /Users/ejcummins/.rvm/gems/ruby-2.0.0-p353/specifications/i18n-0.6.1.gemspec
I, [2014-03-22T14:18:52.985945 #2598]  INFO -- : 0:  multi_json (1.6.1) from /Users/ejcummins/.rvm/gems/ruby-2.0.0-p353/specifications/multi_json-1.6.1.gemspec
I, [2014-03-22T14:18:52.986301 #2598]  INFO -- : 0:  activesupport (3.2.12) from /Users/ejcummins/.rvm/gems/ruby-2.0.0-p353/specifications/activesupport-3.2.12.gemspec
I, [2014-03-22T14:18:52.986647 #2598]  INFO -- : 0:  builder (3.0.4) from /Users/ejcummins/.rvm/gems/ruby-2.0.0-p353/specifications/builder-3.0.4.gemspec
I, [2014-03-22T14:18:52.986993 #2598]  INFO -- : 0:  activemodel (3.2.12) from /Users/ejcummins/.rvm/gems/ruby-2.0.0-p353/specifications/activemodel-3.2.12.gemspec
I, [2014-03-22T14:18:52.987901 #2598]  INFO -- : 0:  arel (3.0.2) from /Users/ejcummins/.rvm/gems/ruby-2.0.0-p353/specifications/arel-3.0.2.gemspec
I, [2014-03-22T14:18:52.988260 #2598]  INFO -- : 0:  tzinfo (0.3.35) from /Users/ejcummins/.rvm/gems/ruby-2.0.0-p353/specifications/tzinfo-0.3.35.gemspec
I, [2014-03-22T14:18:52.988608 #2598]  INFO -- : 0:  activerecord (3.2.12) from /Users/ejcummins/.rvm/gems/ruby-2.0.0-p353/specifications/activerecord-3.2.12.gemspec
I, [2014-03-22T14:18:52.988962 #2598]  INFO -- : 0:  backports (3.3.3) from /Users/ejcummins/.rvm/gems/ruby-2.0.0-p353/specifications/backports-3.3.3.gemspec
I, [2014-03-22T14:18:52.989307 #2598]  INFO -- : 0:  bcrypt (3.1.7) from /Users/ejcummins/.rvm/gems/ruby-2.0.0-p353/specifications/bcrypt-3.1.7.gemspec
I, [2014-03-22T14:18:52.989650 #2598]  INFO -- : 0:  mime-types (2.1) from /Users/ejcummins/.rvm/gems/ruby-2.0.0-p353/specifications/mime-types-2.1.gemspec
I, [2014-03-22T14:18:52.989994 #2598]  INFO -- : 0:  mini_portile (0.5.1) from /Users/ejcummins/.rvm/gems/ruby-2.0.0-p353/specifications/mini_portile-0.5.1.gemspec
I, [2014-03-22T14:18:52.990353 #2598]  INFO -- : 0:  nokogiri (1.6.0) from /Users/ejcummins/.rvm/gems/ruby-2.0.0-p353/specifications/nokogiri-1.6.0.gemspec
I, [2014-03-22T14:18:52.990699 #2598]  INFO -- : 0:  rack (1.5.2) from /Users/ejcummins/.rvm/gems/ruby-2.0.0-p353/specifications/rack-1.5.2.gemspec
I, [2014-03-22T14:18:52.991045 #2598]  INFO -- : 0:  rack-test (0.6.2) from /Users/ejcummins/.rvm/gems/ruby-2.0.0-p353/specifications/rack-test-0.6.2.gemspec
I, [2014-03-22T14:18:52.991387 #2598]  INFO -- : 0:  xpath (2.0.0) from /Users/ejcummins/.rvm/gems/ruby-2.0.0-p353/specifications/xpath-2.0.0.gemspec
I, [2014-03-22T14:18:52.991732 #2598]  INFO -- : 0:  capybara (2.1.0) from /Users/ejcummins/.rvm/gems/ruby-2.0.0-p353/specifications/capybara-2.1.0.gemspec
I, [2014-03-22T14:18:52.992083 #2598]  INFO -- : 0:  daemons (1.1.9) from /Users/ejcummins/.rvm/gems/ruby-2.0.0-p353/specifications/daemons-1.1.9.gemspec
I, [2014-03-22T14:18:52.992435 #2598]  INFO -- : 0:  diff-lcs (1.2.4) from /Users/ejcummins/.rvm/gems/ruby-2.0.0-p353/specifications/diff-lcs-1.2.4.gemspec
I, [2014-03-22T14:18:52.992813 #2598]  INFO -- : 0:  eventmachine (1.0.3) from /Users/ejcummins/.rvm/gems/ruby-2.0.0-p353/specifications/eventmachine-1.0.3.gemspec
I, [2014-03-22T14:18:52.993190 #2598]  INFO -- : 0:  factory_girl (4.2.0) from /Users/ejcummins/.rvm/gems/ruby-2.0.0-p353/specifications/factory_girl-4.2.0.gemspec
I, [2014-03-22T14:18:52.993561 #2598]  INFO -- : 0:  faker (1.1.2) from /Users/ejcummins/.rvm/gems/ruby-2.0.0-p353/specifications/faker-1.1.2.gemspec
I, [2014-03-22T14:18:52.993930 #2598]  INFO -- : 0:  pg (0.14.1) from /Users/ejcummins/.rvm/gems/ruby-2.0.0-p353/specifications/pg-0.14.1.gemspec
I, [2014-03-22T14:18:52.994278 #2598]  INFO -- : 0:  rack-protection (1.5.0) from /Users/ejcummins/.rvm/gems/ruby-2.0.0-p353/specifications/rack-protection-1.5.0.gemspec
I, [2014-03-22T14:18:52.994655 #2598]  INFO -- : 0:  rspec-core (2.14.5) from /Users/ejcummins/.rvm/gems/ruby-2.0.0-p353/specifications/rspec-core-2.14.5.gemspec
I, [2014-03-22T14:18:52.995038 #2598]  INFO -- : 0:  rspec-expectations (2.14.2) from /Users/ejcummins/.rvm/gems/ruby-2.0.0-p353/specifications/rspec-expectations-2.14.2.gemspec
I, [2014-03-22T14:18:52.995417 #2598]  INFO -- : 0:  rspec-mocks (2.14.3) from /Users/ejcummins/.rvm/gems/ruby-2.0.0-p353/specifications/rspec-mocks-2.14.3.gemspec
I, [2014-03-22T14:18:52.995795 #2598]  INFO -- : 0:  rspec (2.14.1) from /Users/ejcummins/.rvm/gems/ruby-2.0.0-p353/specifications/rspec-2.14.1.gemspec
I, [2014-03-22T14:18:52.996162 #2598]  INFO -- : 0:  shotgun (0.9) from /Users/ejcummins/.rvm/gems/ruby-2.0.0-p353/specifications/shotgun-0.9.gemspec
I, [2014-03-22T14:18:52.996504 #2598]  INFO -- : 0:  shoulda-matchers (2.3.0) from /Users/ejcummins/.rvm/gems/ruby-2.0.0-p353/specifications/shoulda-matchers-2.3.0.gemspec
I, [2014-03-22T14:18:52.996882 #2598]  INFO -- : 0:  tilt (1.4.1) from /Users/ejcummins/.rvm/gems/ruby-2.0.0-p353/specifications/tilt-1.4.1.gemspec
I, [2014-03-22T14:18:52.997285 #2598]  INFO -- : 0:  sinatra (1.4.3) from /Users/ejcummins/.rvm/gems/ruby-2.0.0-p353/specifications/sinatra-1.4.3.gemspec
I, [2014-03-22T14:18:52.997668 #2598]  INFO -- : 0:  sinatra-contrib (1.4.1) from /Users/ejcummins/.rvm/gems/ruby-2.0.0-p353/specifications/sinatra-contrib-1.4.1.gemspec
I, [2014-03-22T14:18:52.998037 #2598]  INFO -- : 0:  thin (1.5.0) from /Users/ejcummins/.rvm/gems/ruby-2.0.0-p353/specifications/thin-1.5.0.gemspec
I, [2014-03-22T14:18:52.998392 #2598]  INFO -- : 0:  bundler (1.5.1) from /Users/ejcummins/.rvm/gems/ruby-2.0.0-p353@global/specifications/bundler-1.5.1.gemspec
